22:36:23 **** Incremental Build of configuration Debug for project further_testing ****
make all 
'Building file: ../Src/main.c'
'Invoking: MCU GCC Compiler'
C:\Users\Gebruiker\Desktop\Embedded_systems\workspace\further_testing\Debug
arm-none-eabi-gcc -mcpu=cortex-m7 -mthumb -mfloat-abi=hard -mfpu=fpv5-sp-d16 -D_TIMEVAL_DEFINED -D_SYS_TIME_H_ -DSTM32F756xx -DUSE_HAL_DRIVER -DUSE_STM32746G_DISCOVERY -I../../../STemWin_Addons -I../../../Config -I../../../Core/inc -I../../../Modules/vnc_server -I../../../../../../Utilities/CPU -I../../../../../../Drivers/CMSIS/Include -I../../../../../../Drivers/CMSIS/Device/ST/STM32F7xx/Include -I../../../../../../Drivers/STM32F7xx_HAL_Driver/Inc -I../../../../../../Drivers/BSP/STM32746G-Discovery -I../../../../../../Drivers/BSP/Components -I../../../../../../Drivers/BSP/Components/Common -I../../../../../../Middlewares/ST/STM32_USB_Host_Library/Core/Inc -I../../../../../../Middlewares/ST/STM32_USB_Host_Library/Class/MSC/Inc -I../../../../../../Middlewares/ST/STM32_USB_Device_Library/Class/MSC/Inc -I../../../../../../Middlewares/Third_Party/LwIP/src/include/ -I../../../../../../Middlewares/Third_Party/LwIP/system -I../../../../../../Middlewares/Third_Party/LwIP/system/OS -I../../../../../../Middlewares/ST/STemWin/inc -I../../../../../../Middlewares/Third_Party/FatFs/src -I../../../../../../Middlewares/Third_Party/FatFs/src/drivers -I../../../../../../Middlewares/Third_Party/FreeRTOS/Source/portable/GCC/ARM_CM7/r0p1 -I../../../../../../Middlewares/Third_Party/FreeRTOS/Source/include -I../../../../../../Middlewares/Third_Party/FreeRTOS/Source/CMSIS_RTOS -I../../../Modules/audio_player/Addons/SpiritDSP_Equalizer -I../../../Modules/audio_player/Addons/SpiritDSP_LoudnessControl -Os -g3 -Wall -fmessage-length=0 -Wno-format -Wno-address -Wno-pointer-sign -ffunction-sections -c -fmessage-length=0 -MMD -MP -MF"Src/main.d" -MT"Src/main.o" -o "Src/main.o" "../Src/main.c"
../Src/main.c:34:27: fatal error: stm32f7xx_hal.h: No such file or directory
compilation terminated.
make: *** [Src/main.o] Error 1

22:36:24 Build Finished (took 984ms)

