21:35:15 **** Build of configuration Debug for project STM32F746G-Discovery ****
make all 
'Building file: C:/Users/Gebruiker/Desktop/Embedded_systems/workspace/STM32746G-Discovery/Examples/PWR/PWR_CurrentConsumption/Src/main.c'
'Invoking: MCU GCC Compiler'
C:\Users\Gebruiker\Desktop\Embedded_systems\workspace\STM32746G-Discovery\Examples\PWR\PWR_CurrentConsumption\SW4STM32\STM32F746G-Discovery\Debug
arm-none-eabi-gcc -mcpu=cortex-m7 -mthumb -mfloat-abi=hard -mfpu=fpv5-sp-d16 -DUSE_HAL_DRIVER -DSTM32F756xx -DUSE_STM32746G_DISCOVERY -I"C:/Users/Gebruiker/Desktop/Embedded_systems/workspace/STM32746G-Discovery/Examples/PWR/PWR_CurrentConsumption/Inc" -I../../../../../../../../Drivers/CMSIS/Device/ST/STM32F7xx/Include -I../../../../../../../../Drivers/STM32F7xx_HAL_Driver/Inc -I../../../../../../../../Drivers/BSP/STM32746G-Discovery -I../../../../../../../../Drivers/CMSIS/Include  -Os -g3 -Wall -fmessage-length=0 -ffunction-sections -c -fmessage-length=0 -MMD -MP -MF"Example/User/main.d" -MT"Example/User/main.o" -o "Example/User/main.o" "C:/Users/Gebruiker/Desktop/Embedded_systems/workspace/STM32746G-Discovery/Examples/PWR/PWR_CurrentConsumption/Src/main.c"
In file included from C:/Users/Gebruiker/Desktop/Embedded_systems/workspace/STM32746G-Discovery/Examples/PWR/PWR_CurrentConsumption/Src/main.c:40:0:
C:/Users/Gebruiker/Desktop/Embedded_systems/workspace/STM32746G-Discovery/Examples/PWR/PWR_CurrentConsumption/Inc/main.h:43:27: fatal error: stm32f7xx_hal.h: No such file or directory
compilation terminated.
make: *** [Example/User/main.o] Error 1

21:35:15 Build Finished (took 329ms)

